E:\PROJECT 2 LESSON\DERS7 (1)\DERS7\DERS7\DEBUG\MAIN.OBJ
E:\PROJECT 2 LESSON\DERS7 (1)\DERS7\DERS7\DEBUG\VC110.PDB
E:\PROJECT 2 LESSON\DERS7 (1)\DERS7\DEBUG\DERS7.ILK
E:\PROJECT 2 LESSON\DERS7 (1)\DERS7\DEBUG\DERS7.EXE
E:\PROJECT 2 LESSON\DERS7 (1)\DERS7\DEBUG\DERS7.PDB
E:\Project 2 Lesson\Ders7 (1)\Ders7\Ders7\Debug\main.obj
E:\Project 2 Lesson\Ders7 (1)\Ders7\Ders7\Debug\cl.command.1.tlog
E:\Project 2 Lesson\Ders7 (1)\Ders7\Ders7\Debug\CL.read.1.tlog
E:\Project 2 Lesson\Ders7 (1)\Ders7\Ders7\Debug\CL.write.1.tlog
E:\Project 2 Lesson\Ders7 (1)\Ders7\Ders7\Debug\link-cvtres.read.1.tlog
E:\Project 2 Lesson\Ders7 (1)\Ders7\Ders7\Debug\link-cvtres.write.1.tlog
E:\Project 2 Lesson\Ders7 (1)\Ders7\Ders7\Debug\link-rc.read.1.tlog
E:\Project 2 Lesson\Ders7 (1)\Ders7\Ders7\Debug\link-rc.write.1.tlog
E:\Project 2 Lesson\Ders7 (1)\Ders7\Ders7\Debug\link.command.1.tlog
E:\Project 2 Lesson\Ders7 (1)\Ders7\Ders7\Debug\link.read.1.tlog
E:\Project 2 Lesson\Ders7 (1)\Ders7\Ders7\Debug\link.write.1.tlog
E:\Project 2 Lesson\Ders7 (1)\Ders7\Ders7\Debug\mt.command.1.tlog
E:\Project 2 Lesson\Ders7 (1)\Ders7\Ders7\Debug\mt.read.1.tlog
E:\Project 2 Lesson\Ders7 (1)\Ders7\Ders7\Debug\mt.write.1.tlog
E:\Project 2 Lesson\Ders7 (1)\Ders7\Ders7\Debug\Ders7.exe.intermediate.manifest
E:\Project 2 Lesson\Ders7 (1)\Ders7\Ders7\Debug\vc110.idb
E:\Project 2 Lesson\Ders7 (1)\Ders7\Ders7\Debug\vcWindows7.1SDK.idb
E:\Project 2 Lesson\Ders7 (1)\Ders7\Ders7\Debug\vc110.pdb
E:\Project 2 Lesson\Ders7 (1)\Ders7\Ders7\Debug\vcwindows7.1sdk.pdb
E:\Project 2 Lesson\Ders7 (1)\Ders7\Debug\Ders7.pdb
E:\Project 2 Lesson\Ders7 (1)\Ders7\Debug\Ders7.exe
E:\Project 2 Lesson\Ders7 (1)\Ders7\Debug\Ders7.ilk
